<?xml version="1.0" encoding="UTF-8"?>
<!-- Generated by org.testng.reporters.JUnitXMLReporter -->
<testsuite ignored="0" hostname="vemulapallypc" failures="0" tests="2" name="Test_chrome" time="91.518" errors="0" timestamp="2022-09-03T11:59:29 IST">
  <testcase classname="vtigwe.contactsTessts.CreateContacWithORgnamePOM" name="CreateContacWithORgnamePO" time="25.888"/>
  <testcase classname="vtigwe.contactsTessts.CreateContactTest" name="CreateContactTes" time="31.141"/>
</testsuite> <!-- Test_chrome -->
