<?xml version="1.0" encoding="UTF-8"?>
<!-- Generated by org.testng.reporters.JUnitXMLReporter -->
<testsuite ignored="0" hostname="vemulapallypc" failures="0" tests="2" name="Test_firefox" time="107.09" errors="0" timestamp="2022-09-03T11:59:45 IST">
  <testcase classname="vtigwe.contactsTessts.CreateContacWithORgnamePOM" name="CreateContacWithORgnamePO" time="29.505"/>
  <testcase classname="vtigwe.contactsTessts.CreateContactTest" name="CreateContactTes" time="51.117"/>
</testsuite> <!-- Test_firefox -->
